

Started GET "/" for 127.0.0.1 at 2011-08-01 15:16:49 -0700

ActionController::RoutingError (No route matches [GET] "/"):
  

Rendered /Users/danielkehoe/.rvm/gems/ruby-1.9.2-p180@rails31rc5/gems/actionpack-3.1.0.rc5/lib/action_dispatch/middleware/templates/rescues/routing_error.erb within rescues/layout (8.0ms)


Started GET "/" for 127.0.0.1 at 2011-08-01 15:18:34 -0700

ActionController::RoutingError (uninitialized constant HomeController):
  

Rendered /Users/danielkehoe/.rvm/gems/ruby-1.9.2-p180@rails31rc5/gems/actionpack-3.1.0.rc5/lib/action_dispatch/middleware/templates/rescues/routing_error.erb within rescues/layout (9.9ms)


Started GET "/" for 127.0.0.1 at 2011-08-01 15:18:56 -0700

ActionController::RoutingError (wrong constant name homeController):
  

Rendered /Users/danielkehoe/.rvm/gems/ruby-1.9.2-p180@rails31rc5/gems/actionpack-3.1.0.rc5/lib/action_dispatch/middleware/templates/rescues/routing_error.erb within rescues/layout (8.0ms)


Started GET "/" for 127.0.0.1 at 2011-08-01 15:18:58 -0700

ActionController::RoutingError (wrong constant name homeController):
  

Rendered /Users/danielkehoe/.rvm/gems/ruby-1.9.2-p180@rails31rc5/gems/actionpack-3.1.0.rc5/lib/action_dispatch/middleware/templates/rescues/routing_error.erb within rescues/layout (0.6ms)


Started GET "/builder" for 127.0.0.1 at 2011-08-01 15:22:06 -0700
  Processing by WebsiteBuilderEngine::HomeController#index as HTML
Completed 500 Internal Server Error in 41ms

ActionView::MissingTemplate (Missing template website_builder_engine/home/index, website_builder_engine/application/index with {:handlers=>[:erb, :builder], :formats=>[:html], :locale=>[:en, :en]}. Searched in:
  * "/Users/danielkehoe/repos/wip/website_builder_engine/spec/dummy/app/views"
  * "/Users/danielkehoe/repos/wip/website_builder_engine/app/views"
):
  

Rendered /Users/danielkehoe/.rvm/gems/ruby-1.9.2-p180@rails31rc5/gems/actionpack-3.1.0.rc5/lib/action_dispatch/middleware/templates/rescues/missing_template.erb within rescues/layout (8.3ms)
